<?xml version="1.0" encoding="UTF-8"?>
<!-- Generated by org.testng.reporters.JUnitReportReporter -->
<testsuite skipped="3" hostname="LAPTOP-3B3FO6JE" name="easyMyTrip.Registration" tests="4" failures="0" timestamp="2021-10-06T11:46:38 IST" time="0.020" errors="1">
  <testcase name="beforeTest" time="0.020" classname="easyMyTrip.Registration">
    <error type="java.lang.IllegalStateException" message="The driver executable must exist: C:\Users\aishw\OneDrive\Desktop\Aishwarya\LTI\Testing\chromedriver94.exe">
      <![CDATA[java.lang.IllegalStateException: The driver executable must exist: C:\Users\aishw\OneDrive\Desktop\Aishwarya\LTI\Testing\chromedriver94.exe
at org.openqa.selenium.internal.Require$FileStateChecker.isFile(Require.java:315)
at org.openqa.selenium.remote.service.DriverService.checkExecutable(DriverService.java:144)
at org.openqa.selenium.remote.service.DriverService.findExecutable(DriverService.java:139)
at org.openqa.selenium.chrome.ChromeDriverService.access$000(ChromeDriverService.java:39)
at org.openqa.selenium.chrome.ChromeDriverService$Builder.findDefaultExecutable(ChromeDriverService.java:233)
at org.openqa.selenium.remote.service.DriverService$Builder.build(DriverService.java:434)
at org.openqa.selenium.chrome.ChromeDriverService.createDefaultService(ChromeDriverService.java:129)
at org.openqa.selenium.chrome.ChromeDriver.<init>(ChromeDriver.java:41)
at easyMyTrip.Registration.beforeTest(Registration.java:85)
at sun.reflect.NativeMethodAccessorImpl.invoke0(Native Method)
at sun.reflect.NativeMethodAccessorImpl.invoke(Unknown Source)
at sun.reflect.DelegatingMethodAccessorImpl.invoke(Unknown Source)
at java.lang.reflect.Method.invoke(Unknown Source)
at org.testng.internal.MethodInvocationHelper.invokeMethod(MethodInvocationHelper.java:133)
at org.testng.internal.MethodInvocationHelper.invokeMethodConsideringTimeout(MethodInvocationHelper.java:62)
at org.testng.internal.ConfigInvoker.invokeConfigurationMethod(ConfigInvoker.java:385)
at org.testng.internal.ConfigInvoker.invokeConfigurations(ConfigInvoker.java:321)
at org.testng.TestRunner.invokeTestConfigurations(TestRunner.java:637)
at org.testng.TestRunner.beforeRun(TestRunner.java:627)
at org.testng.TestRunner.run(TestRunner.java:589)
at org.testng.SuiteRunner.runTest(SuiteRunner.java:377)
at org.testng.SuiteRunner.runSequentially(SuiteRunner.java:371)
at org.testng.SuiteRunner.privateRun(SuiteRunner.java:332)
at org.testng.SuiteRunner.run(SuiteRunner.java:276)
at org.testng.SuiteRunnerWorker.runSuite(SuiteRunnerWorker.java:53)
at org.testng.SuiteRunnerWorker.run(SuiteRunnerWorker.java:96)
at org.testng.TestNG.runSuitesSequentially(TestNG.java:1212)
at org.testng.TestNG.runSuitesLocally(TestNG.java:1134)
at org.testng.TestNG.runSuites(TestNG.java:1063)
at org.testng.TestNG.run(TestNG.java:1031)
at org.testng.remote.AbstractRemoteTestNG.run(AbstractRemoteTestNG.java:115)
at org.testng.remote.RemoteTestNG.initAndRun(RemoteTestNG.java:251)
at org.testng.remote.RemoteTestNG.main(RemoteTestNG.java:77)
]]>
    </error>
  </testcase> <!-- beforeTest -->
  <system-out/>
  <testcase name="invalidMobileNumberTest" time="0.000" classname="easyMyTrip.Registration">
    <skipped/>
  </testcase> <!-- invalidMobileNumberTest -->
  <system-out/>
  <testcase name="otpResendTest" time="0.000" classname="easyMyTrip.Registration">
    <skipped/>
  </testcase> <!-- otpResendTest -->
  <system-out/>
  <testcase name="SuccesfullRegister" time="0.000" classname="easyMyTrip.Registration">
    <skipped/>
  </testcase> <!-- SuccesfullRegister -->
  <system-out/>
</testsuite> <!-- easyMyTrip.Registration -->
